info it worked if it ends with ok
verbose cli [ 'node', '/usr/bin/npm', 'install' ]
info using npm@1.1.4
info using node@v0.6.12
verbose config file /home/nipa-server/.npmrc
verbose config file /usr/etc/npmrc
verbose config file /usr/share/npm/npmrc
ERR! Couldn't read dependencies.
ERR! Error: ENOENT, no such file or directory '/home/nipa-server/news-clustering/package.json'
ERR! You may report this log at:
ERR!     <http://bugs.debian.org/npm>
ERR! or use
ERR!     reportbug --attach /home/nipa-server/news-clustering/npm-debug.log npm
ERR! 
ERR! System Linux 3.8.0-29-generic
ERR! command "node" "/usr/bin/npm" "install"
ERR! cwd /home/nipa-server/news-clustering
ERR! node -v v0.6.12
ERR! npm -v 1.1.4
ERR! path /home/nipa-server/news-clustering/package.json
ERR! code ENOENT
ERR! message ENOENT, no such file or directory '/home/nipa-server/news-clustering/package.json'
ERR! errno {}
verbose exit [ 1, true ]
